Environment variable LD_LIBRARY_PATH not set. Setting it up...
pragma directive defines a prior version to 0.8.4. Changing pragma version to 0.8.4....
Traceback (most recent call last):
  File "/sec/securify/grammar/attributes/evaluators/evaluator_demand_iterative.py", line 53, in evaluate
    result = super()._execute_rule(rule, arguments)
  File "/sec/securify/grammar/attributes/evaluators/evaluator_base.py", line 42, in _execute_rule
    return rule.func(**{name: node for name, node in arguments.items()})
  File "/sec/securify/solidity/v_0_5_x/solidity_grammar_core.py", line 2295, in expression_value
    declaration = self.resolve()
  File "/sec/securify/solidity/v_0_5_x/solidity_grammar_core.py", line 2287, in resolve
    return self.resolve_reference(self.referenced_declaration)
  File "/sec/securify/solidity/v_0_5_x/solidity_grammar_core.py", line 46, in resolve_reference
    return self.root().ast_nodes_by_id().get(node_id, None)
  File "/sec/securify/solidity/v_0_5_x/solidity_grammar_core.py", line 161, in ast_nodes_by_id
    return {d.id: d for d in self.descendants() if d is not None}
  File "/sec/securify/solidity/v_0_5_x/solidity_grammar_core.py", line 161, in <dictcomp>
    return {d.id: d for d in self.descendants() if d is not None}
  File "/sec/securify/grammar/__init__.py", line 313, in descendants
    yield from ProductionOps.descendants(child)
  File "/sec/securify/grammar/__init__.py", line 313, in descendants
    yield from ProductionOps.descendants(child)
  File "/sec/securify/grammar/__init__.py", line 313, in descendants
    yield from ProductionOps.descendants(child)
  [Previous line repeated 1 more time]
  File "/sec/securify/grammar/__init__.py", line 309, in descendants
    for child in ProductionOps.children(self):
  File "/sec/securify/grammar/__init__.py", line 300, in children
    child = getattr(self, name)
AttributeError: 'VariableDeclaration__AllAttrsMixin' object has no attribute 'value'

The above exception was the direct cause of the following exception:

Traceback (most recent call last):
  File "/usr/local/bin/securify", line 11, in <module>
    load_entry_point('securify==0.0.1', 'console_scripts', 'securify')()
  File "/sec/securify/__main__.py", line 277, in main
    matches.extend(pattern.find_matches())
  File "/sec/securify/analyses/patterns/ir/base_interface_signatures_pattern.py", line 18, in find_matches
    for contract in self.get_cfg().contracts:
  File "/sec/securify/analyses/patterns/ir/abstract_ir_pattern.py", line 10, in get_cfg
    cfg = self.analysis_context.cfg
  File "/sec/securify/analyses/analysis.py", line 81, in cfg
    self._cfg = self.config.cfg_compiler(self)
  File "/sec/securify/__main__.py", line 254, in <lambda>
    cfg_compiler=lambda t: solidity_cfg_compiler.compile_cfg(t.ast).cfg,
  File "/sec/securify/solidity/solidity_cfg_compiler.py", line 88, in compile_cfg
    cfg = ast_attr.cfg
  File "/sec/securify/grammar/attributes/evaluators/evaluator_demand_base.py", line 84, in __get__
    return self.__evaluator.evaluate(instance, self.__name)
  File "/sec/securify/grammar/attributes/evaluators/evaluator_demand_iterative.py", line 57, in evaluate
    f"Rule trace: {self.__rule_trace(dependency_path)}") from e
securify.grammar.attributes.AttributeGrammarError: Error during evaluation of rule 'expression_value'. 
Rule trace: 
	SynthesizeRule cfg (File "/sec/securify/solidity/v_0_5_x/solidity_grammar_core.py", line 199)
	SynthesizeRule cfg (File "/sec/securify/solidity/v_0_5_x/solidity_grammar_core.py", line 272)
	SynthesizeRule cfg_constructor (File "/sec/securify/solidity/v_0_5_x/solidity_rules_constructors.py", line 154)
	SynthesizeRule cfg_constructor_chain (File "/sec/securify/solidity/v_0_5_x/solidity_rules_constructors.py", line 71)
	SynthesizeRule cfg (File "/sec/securify/solidity/v_0_5_x/solidity_grammar_core.py", line 529)
	SynthesizeRule cfg_modified (File "/sec/securify/solidity/v_0_5_x/solidity_grammar_core.py", line 516)
	SynthesizeRule cfg_body (File "/sec/securify/solidity/v_0_5_x/solidity_grammar_core.py", line 500)
	SynthesizeRule cfg (File "/sec/securify/solidity/v_0_5_x/solidity_grammar_core.py", line 869)
	SynthesizeRule cfg (File "/sec/securify/solidity/v_0_5_x/solidity_grammar_core.py", line 1416)
	SynthesizeRule cfg (File "/sec/securify/solidity/v_0_5_x/solidity_grammar_core.py", line 2369)
	SynthesizeRule expression_value (File "/sec/securify/solidity/v_0_5_x/solidity_grammar_core.py", line 2293)
